<?xml version="1.0" encoding="UTF-8"?>
<!-- Generated by org.testng.reporters.JUnitReportReporter -->
<testsuite hostname="DESKTOP-PORQCT3" failures="0" tests="1" name="testpackage.LandingPageCases" time="20.034" errors="0" timestamp="2023-03-31T23:11:23 IST" skipped="0">
  <testcase classname="testpackage.LandingPageCases" name="VerifySignInWithValidCredentials" time="20.034"/>
  <system-out/>
</testsuite> <!-- testpackage.LandingPageCases -->
