<?xml version="1.0" encoding="UTF-8"?>
<!-- Generated by org.testng.reporters.JUnitReportReporter -->
<testsuite hostname="DESKTOP-PORQCT3" failures="0" tests="1" name="testpackage.LogIn" time="11.042" errors="0" timestamp="2023-02-12T20:19:20 IST" skipped="0">
  <testcase classname="testpackage.LogIn" name="VerifyLoginwithcorrectcredentials" time="11.042"/>
  <system-out/>
</testsuite> <!-- testpackage.LogIn -->
